<?xml version="1.0" encoding="UTF-8"?>
<!-- Generated by org.testng.reporters.JUnitReportReporter -->
<testsuite skipped="0" hostname="DESKTOP-4KD4H5I" name="testCases.Validate_HomePage" tests="1" failures="0" timestamp="04 Jan 2022 11:07:32 GMT" time="0.012" errors="0">
  <testcase name="TC01" time="0.012" classname="testCases.Validate_HomePage"/>
</testsuite> <!-- testCases.Validate_HomePage -->
