<?xml version="1.0" encoding="UTF-8"?>
<!-- Generated by org.testng.reporters.JUnitReportReporter -->
<testsuite skipped="0" hostname="DESKTOP-4KD4H5I" name="com.myStore.demo.KickOFF" tests="1" failures="0" timestamp="26 Dec 2021 12:13:02 GMT" time="13.976" errors="0">
  <testcase name="initDriver" time="13.976" classname="com.myStore.demo.KickOFF"/>
</testsuite> <!-- com.myStore.demo.KickOFF -->
